#
# There is insufficient memory for the Java Runtime Environment to continue.
# Native memory allocation (malloc) failed to allocate 1048576 bytes for AllocateHeap
# Possible reasons:
#   The system is out of physical RAM or swap space
#   In 32 bit mode, the process size limit was hit
# Possible solutions:
#   Reduce memory load on the system
#   Increase physical memory or swap space
#   Check if swap backing store is full
#   Use 64 bit Java on a 64 bit OS
#   Decrease Java heap size (-Xmx/-Xms)
#   Decrease number of Java threads
#   Decrease Java thread stack sizes (-Xss)
#   Set larger code cache with -XX:ReservedCodeCacheSize=
# This output file may be truncated or incomplete.
#
#  Out of Memory Error (memory/allocation.inline.hpp:61), pid=14164, tid=0x0000000000003414
#
# JRE version:  (8.0_131-b11) (build )
# Java VM: Java HotSpot(TM) 64-Bit Server VM (25.131-b11 mixed mode windows-amd64 compressed oops)
# Failed to write core dump. Minidumps are not enabled by default on client versions of Windows
#

---------------  T H R E A D  ---------------

Current thread (0x000000000262e800):  JavaThread "Unknown thread" [_thread_in_vm, id=13332, stack(0x0000000002520000,0x0000000002620000)]

Stack: [0x0000000002520000,0x0000000002620000]
[error occurred during error reporting (printing stack bounds), id 0xc0000005]

Native frames: (J=compiled Java code, j=interpreted, Vv=VM code, C=native code)


---------------  P R O C E S S  ---------------

Java Threads: ( => current thread )

Other Threads:

=>0x000000000262e800 (exited) JavaThread "Unknown thread" [_thread_in_vm, id=13332, stack(0x0000000002520000,0x0000000002620000)]

VM state:not at safepoint (normal execution)

VM Mutex/Monitor currently owned by a thread: None

Heap:
 PSYoungGen      total 76288K, used 1310K [0x000000076b300000, 0x0000000770800000, 0x00000007c0000000)
  eden space 65536K, 2% used [0x000000076b300000,0x000000076b447af0,0x000000076f300000)
  from space 10752K, 0% used [0x000000076fd80000,0x000000076fd80000,0x0000000770800000)
  to   space 10752K, 0% used [0x000000076f300000,0x000000076f300000,0x000000076fd80000)
 ParOldGen       total 175104K, used 0K [0x00000006c1800000, 0x00000006cc300000, 0x000000076b300000)
  object space 175104K, 0% used [0x00000006c1800000,0x00000006c1800000,0x00000006cc300000)
 Metaspace       used 770K, capacity 4480K, committed 4480K, reserved 1056768K
  class space    used 75K, capacity 384K, committed 384K, reserved 1048576K

Card table byte_map: [0x0000000011af0000,0x00000000122f0000] byte_map_base: 0x000000000e4e4000

Marking Bits: (ParMarkBitMap*) 0x000000006ca5c720
 Begin Bits: [0x0000000013040000, 0x0000000016fe0000)
 End Bits:   [0x0000000016fe0000, 0x000000001af80000)

Polling page: 0x0000000002140000

CodeCache: size=245760Kb used=328Kb max_used=328Kb free=245431Kb
 bounds [0x0000000002730000, 0x00000000029a0000, 0x0000000011730000]
 total_blobs=58 nmethods=0 adapters=38
 compilation: enabled

Compilation events (0 events):
No events

GC Heap History (0 events):
No events

Deoptimization events (0 events):
No events

Internal exceptions (0 events):
No events

Events (10 events):
Event: 0.056 loading class java/lang/Short
Event: 0.056 loading class java/lang/Short done
Event: 0.056 loading class java/lang/Integer
Event: 0.056 loading class java/lang/Integer done
Event: 0.056 loading class java/lang/Long
Event: 0.056 loading class java/lang/Long done
Event: 0.058 loading class java/lang/NullPointerException
Event: 0.058 loading class java/lang/NullPointerException done
Event: 0.058 loading class java/lang/ArithmeticException
Event: 0.058 loading class java/lang/ArithmeticException done


Dynamic libraries:
0x00007ff640280000 - 0x00007ff6402b7000 	C:\Program Files\Java\jdk1.8.0_131\bin\javaw.exe
0x00007ffbcbb40000 - 0x00007ffbcbd11000 	C:\WINDOWS\SYSTEM32\ntdll.dll
0x00007ffbc97c0000 - 0x00007ffbc986c000 	C:\WINDOWS\System32\KERNEL32.DLL
0x00007ffbc8680000 - 0x00007ffbc889d000 	C:\WINDOWS\System32\KERNELBASE.dll
0x00007ffbcb480000 - 0x00007ffbcb522000 	C:\WINDOWS\System32\ADVAPI32.dll
0x00007ffbcb970000 - 0x00007ffbcba0e000 	C:\WINDOWS\System32\msvcrt.dll
0x00007ffbcb6b0000 - 0x00007ffbcb709000 	C:\WINDOWS\System32\sechost.dll
0x00007ffbcb710000 - 0x00007ffbcb831000 	C:\WINDOWS\System32\RPCRT4.dll
0x00007ffbcb030000 - 0x00007ffbcb195000 	C:\WINDOWS\System32\USER32.dll
0x00007ffbc9090000 - 0x00007ffbc90ae000 	C:\WINDOWS\System32\win32u.dll
0x00007ffbcb530000 - 0x00007ffbcb564000 	C:\WINDOWS\System32\GDI32.dll
0x00007ffbc83f0000 - 0x00007ffbc8572000 	C:\WINDOWS\System32\gdi32full.dll
0x00007ffbbd670000 - 0x00007ffbbd8ea000 	C:\WINDOWS\WinSxS\amd64_microsoft.windows.common-controls_6595b64144ccf1df_6.0.14393.953_none_42151e83c686086b\COMCTL32.dll
0x00007ffbcb1b0000 - 0x00007ffbcb478000 	C:\WINDOWS\System32\combase.dll
0x00007ffbc8290000 - 0x00007ffbc8385000 	C:\WINDOWS\System32\ucrtbase.dll
0x00007ffbc8940000 - 0x00007ffbc89aa000 	C:\WINDOWS\System32\bcryptPrimitives.dll
0x00007ffbcba10000 - 0x00007ffbcba3e000 	C:\WINDOWS\System32\IMM32.DLL
0x000000006dae0000 - 0x000000006dbb2000 	C:\Program Files\Java\jdk1.8.0_131\jre\bin\msvcr100.dll
0x000000006c240000 - 0x000000006cadc000 	C:\Program Files\Java\jdk1.8.0_131\jre\bin\server\jvm.dll
0x00007ffbc99d0000 - 0x00007ffbc99d8000 	C:\WINDOWS\System32\PSAPI.DLL
0x00007ffbbc570000 - 0x00007ffbbc579000 	C:\WINDOWS\SYSTEM32\WSOCK32.dll
0x00007ffbc60b0000 - 0x00007ffbc60d3000 	C:\WINDOWS\SYSTEM32\WINMM.dll
0x00007ffbbc4e0000 - 0x00007ffbbc4ea000 	C:\WINDOWS\SYSTEM32\VERSION.dll
0x00007ffbcaef0000 - 0x00007ffbcaf5a000 	C:\WINDOWS\System32\WS2_32.dll
0x0000000002110000 - 0x000000000213b000 	C:\WINDOWS\SYSTEM32\WINMMBASE.dll
0x00007ffbc8630000 - 0x00007ffbc8672000 	C:\WINDOWS\System32\cfgmgr32.dll
0x000000006dad0000 - 0x000000006dadf000 	C:\Program Files\Java\jdk1.8.0_131\jre\bin\verify.dll
0x000000006daa0000 - 0x000000006dac9000 	C:\Program Files\Java\jdk1.8.0_131\jre\bin\java.dll
0x000000006da80000 - 0x000000006da96000 	C:\Program Files\Java\jdk1.8.0_131\jre\bin\zip.dll

VM Arguments:
jvm_args: -ea -Dfile.encoding=UTF-8 
java_command: org.eclipse.jdt.internal.junit.runner.RemoteTestRunner -version 3 -port 61689 -testLoaderClass org.eclipse.jdt.internal.junit4.runner.JUnit4TestLoader -loaderpluginname org.eclipse.jdt.junit4.runtime -test com.builton.command.GusfotCommandTest:testExecuteExpand
java_class_path (initial): C:\Users\MIN-PC\workspace\regex-command\target\test-classes;C:\Users\MIN-PC\workspace\regex-command\target\classes;C:\Users\MIN-PC\.m2\repository\org\springframework\spring-context\3.2.3.RELEASE\spring-context-3.2.3.RELEASE.jar;C:\Users\MIN-PC\.m2\repository\org\springframework\spring-aop\3.2.3.RELEASE\spring-aop-3.2.3.RELEASE.jar;C:\Users\MIN-PC\.m2\repository\org\springframework\spring-beans\3.2.3.RELEASE\spring-beans-3.2.3.RELEASE.jar;C:\Users\MIN-PC\.m2\repository\org\springframework\spring-core\3.2.3.RELEASE\spring-core-3.2.3.RELEASE.jar;C:\Users\MIN-PC\.m2\repository\commons-logging\commons-logging\1.1.1\commons-logging-1.1.1.jar;C:\Users\MIN-PC\.m2\repository\org\springframework\spring-expression\3.2.3.RELEASE\spring-expression-3.2.3.RELEASE.jar;C:\Users\MIN-PC\.m2\repository\org\springframework\spring-tx\3.2.3.RELEASE\spring-tx-3.2.3.RELEASE.jar;C:\Users\MIN-PC\.m2\repository\aopalliance\aopalliance\1.0\aopalliance-1.0.jar;C:\Users\MIN-PC\.m2\repository\org\slf4j\slf4j-api\1.7.5\slf4j-api-1.7.5.jar;C:\Users\MIN-PC\.m2\repository\ch\qos\logback\logback-classic\1.0.13\logback-classic-1.0.13.jar;C:\Users\MIN-PC\.m2\repository\ch\qos\logback\logback-core\1.0.13\logback-core-1.0.13.jar;C:\Users\MIN-PC\.m2\repository\org\hibernate\hibernate-entitymanager\4.2.1.Final\hibernate-entitymanager-4.2.1.Final.jar;C:\Users\MIN-PC\.m2\repository\org\jboss\logging\jboss-logging\3.1.0.GA\jboss-logging-3.1.0.GA.jar;C:\Users\MIN-PC\.m2\repository\org\hibernate\hibernate-core\4.2.1.Final\hibernate-core-4.2.1.Final.jar;C:\Users\MIN-PC\.m2\repository\antlr\antlr\2.7.7\antlr-2.7.7.jar;C:\Users\MIN-PC\.m2\repository\dom4j\dom4j\1.6.1\dom4j-1.6.1.jar;C:\Users\MIN-PC\.m2\repository\org\jboss\spec\javax\transaction\jboss-transaction-api_1.1_spec\1.0.1.Final\jboss-transaction-api_1.1_spec-1.0.1.Final.jar;C:\Users\MIN-PC\.m2\repository\org\hibernate\javax\persistence\hibernate-jpa-2.0-api\1.0.1.Final\hibernate-jpa-2.0-api-1.0.1.Final.jar;C:\Users\MIN-PC\.m2\r
Launcher Type: SUN_STANDARD

Environment Variables:
JAVA_HOME=C:\Program Files\Java\jdk1.8.0_131
PATH=C:/Program Files/Java/jre1.8.0_131/bin/server;C:/Program Files/Java/jre1.8.0_131/bin;C:/Program Files/Java/jre1.8.0_131/lib/amd64;C:\ProgramData\Oracle\Java\javapath;C:\Program Files (x86)\Intel\iCLS Client\;C:\Program Files\Intel\iCLS Client\;C:\WINDOWS\system32;C:\WINDOWS;C:\WINDOWS\System32\Wbem;C:\WINDOWS\System32\WindowsPowerShell\v1.0\;C:\Program Files\Intel\Intel(R) Management Engine Components\DAL;C:\Program Files\Intel\Intel(R) Management Engine Components\IPT;C:\Program Files (x86)\Intel\Intel(R) Management Engine Components\DAL;C:\Program Files (x86)\Intel\Intel(R) Management Engine Components\IPT;C:\Program Files\TortoiseSVN\bin;C:\Program Files\Java\jdk1.8.0_131\bin;C:\Users\MIN-PC\AppData\Local\Microsoft\WindowsApps;;C:\Program Files (x86)\Microsoft VS Code\bin;C:\eclipse-jee-neon-3-win32-x86_64\eclipse;
USERNAME=MIN-PC
OS=Windows_NT
PROCESSOR_IDENTIFIER=Intel64 Family 6 Model 60 Stepping 3, GenuineIntel



---------------  S Y S T E M  ---------------

OS: Windows 10.0 , 64 bit Build 14393 (10.0.14393.1198)

CPU:total 8 (initial active 8) (4 cores per cpu, 2 threads per core) family 6 model 60 stepping 3, cmov, cx8, fxsr, mmx, sse, sse2, sse3, ssse3, sse4.1, sse4.2, popcnt, avx, avx2, aes, clmul, erms, lzcnt, ht, tsc, tscinvbit, bmi1, bmi2

Memory: 4k page, physical 16674736k(5790752k free), swap 17723312k(5312k free)

vm_info: Java HotSpot(TM) 64-Bit Server VM (25.131-b11) for windows-amd64 JRE (1.8.0_131-b11), built on Mar 15 2017 01:23:53 by "java_re" with MS VC++ 10.0 (VS2010)

time: Fri May 19 14:07:13 2017
elapsed time: 0 seconds (0d 0h 0m 0s)

